[2023-05-11T11:50:45.379+0000] {logging_mixin.py:149} INFO - Changing /opt/***/logs/dag_id=tiktok_processing/run_id=manual__2023-05-11T11:50:36.063614+00:00/task_id=file_sensor permission to 509
[2023-05-11T11:50:45.474+0000] {logging_mixin.py:149} INFO - Changing /opt/***/logs/dag_id=tiktok_processing/run_id=manual__2023-05-11T11:50:36.063614+00:00/task_id=file_sensor permission to 509
[2023-05-11T11:50:45.581+0000] {taskinstance.py:1125} INFO - Dependencies all met for dep_context=non-requeueable deps ti=<TaskInstance: tiktok_processing.file_sensor manual__2023-05-11T11:50:36.063614+00:00 [queued]>
[2023-05-11T11:50:45.598+0000] {taskinstance.py:1125} INFO - Dependencies all met for dep_context=requeueable deps ti=<TaskInstance: tiktok_processing.file_sensor manual__2023-05-11T11:50:36.063614+00:00 [queued]>
[2023-05-11T11:50:45.599+0000] {taskinstance.py:1331} INFO - Starting attempt 1 of 1
[2023-05-11T11:50:45.640+0000] {taskinstance.py:1350} INFO - Executing <Task(FileSensor): file_sensor> on 2023-05-11 11:50:36.063614+00:00
[2023-05-11T11:50:45.647+0000] {standard_task_runner.py:57} INFO - Started process 369 to run task
[2023-05-11T11:50:45.651+0000] {standard_task_runner.py:84} INFO - Running: ['***', 'tasks', 'run', 'tiktok_processing', 'file_sensor', 'manual__2023-05-11T11:50:36.063614+00:00', '--job-id', '19', '--raw', '--subdir', 'DAGS_FOLDER/task_7_1.py', '--cfg-path', '/tmp/tmppaphwiqq']
[2023-05-11T11:50:45.655+0000] {standard_task_runner.py:85} INFO - Job 19: Subtask file_sensor
[2023-05-11T11:50:45.678+0000] {logging_mixin.py:149} WARNING - /home/***/.local/lib/python3.7/site-packages/***/settings.py:188 DeprecationWarning: The sql_alchemy_conn option in [core] has been moved to the sql_alchemy_conn option in [database] - the old setting has been used, but please update your config.
[2023-05-11T11:50:45.740+0000] {logging_mixin.py:149} INFO - Changing /opt/***/logs/dag_id=tiktok_processing/run_id=manual__2023-05-11T11:50:36.063614+00:00/task_id=file_sensor permission to 509
[2023-05-11T11:50:45.743+0000] {task_command.py:410} INFO - Running <TaskInstance: tiktok_processing.file_sensor manual__2023-05-11T11:50:36.063614+00:00 [running]> on host c77c354ecf4a
[2023-05-11T11:50:47.730+0000] {taskinstance.py:1570} INFO - Exporting env vars: AIRFLOW_CTX_DAG_OWNER='***' AIRFLOW_CTX_DAG_ID='tiktok_processing' AIRFLOW_CTX_TASK_ID='file_sensor' AIRFLOW_CTX_EXECUTION_DATE='2023-05-11T11:50:36.063614+00:00' AIRFLOW_CTX_TRY_NUMBER='1' AIRFLOW_CTX_DAG_RUN_ID='manual__2023-05-11T11:50:36.063614+00:00'
[2023-05-11T11:50:47.748+0000] {base.py:73} INFO - Using connection ID 'fs_default' for task execution.
[2023-05-11T11:50:47.748+0000] {filesystem.py:64} INFO - Poking for file /opt/***/data/tiktok_google_play_reviews.csv
[2023-05-11T11:50:47.752+0000] {filesystem.py:69} INFO - Found File /opt/***/data/tiktok_google_play_reviews.csv last modified: 20230504102257
[2023-05-11T11:50:47.756+0000] {base.py:255} INFO - Success criteria met. Exiting.
[2023-05-11T11:50:47.773+0000] {taskinstance.py:1373} INFO - Marking task as SUCCESS. dag_id=tiktok_processing, task_id=file_sensor, execution_date=20230511T115036, start_date=20230511T115045, end_date=20230511T115047
[2023-05-11T11:50:47.837+0000] {local_task_job_runner.py:232} INFO - Task exited with return code 0
[2023-05-11T11:50:47.913+0000] {taskinstance.py:2674} INFO - 3 downstream tasks scheduled from follow-on schedule check
