[2023-05-11T10:56:01.739+0000] {logging_mixin.py:149} INFO - Changing /opt/***/logs/dag_id=tiktok_processing/run_id=manual__2023-05-11T10:55:12.119192+00:00/task_id=file_sensor permission to 509
[2023-05-11T10:56:02.696+0000] {logging_mixin.py:149} INFO - Changing /opt/***/logs/dag_id=tiktok_processing/run_id=manual__2023-05-11T10:55:12.119192+00:00/task_id=file_sensor permission to 509
[2023-05-11T10:56:02.825+0000] {taskinstance.py:1125} INFO - Dependencies all met for dep_context=non-requeueable deps ti=<TaskInstance: tiktok_processing.file_sensor manual__2023-05-11T10:55:12.119192+00:00 [queued]>
[2023-05-11T10:56:02.851+0000] {taskinstance.py:1125} INFO - Dependencies all met for dep_context=requeueable deps ti=<TaskInstance: tiktok_processing.file_sensor manual__2023-05-11T10:55:12.119192+00:00 [queued]>
[2023-05-11T10:56:02.851+0000] {taskinstance.py:1331} INFO - Starting attempt 1 of 1
[2023-05-11T10:56:02.929+0000] {taskinstance.py:1350} INFO - Executing <Task(FileSensor): file_sensor> on 2023-05-11 10:55:12.119192+00:00
[2023-05-11T10:56:02.936+0000] {standard_task_runner.py:57} INFO - Started process 1063 to run task
[2023-05-11T10:56:02.940+0000] {standard_task_runner.py:84} INFO - Running: ['***', 'tasks', 'run', 'tiktok_processing', 'file_sensor', 'manual__2023-05-11T10:55:12.119192+00:00', '--job-id', '8', '--raw', '--subdir', 'DAGS_FOLDER/task_7_1.py', '--cfg-path', '/tmp/tmpq5e_0fmw']
[2023-05-11T10:56:02.943+0000] {standard_task_runner.py:85} INFO - Job 8: Subtask file_sensor
[2023-05-11T10:56:02.987+0000] {logging_mixin.py:149} WARNING - /home/***/.local/lib/python3.7/site-packages/***/settings.py:188 DeprecationWarning: The sql_alchemy_conn option in [core] has been moved to the sql_alchemy_conn option in [database] - the old setting has been used, but please update your config.
[2023-05-11T10:56:03.048+0000] {logging_mixin.py:149} INFO - Changing /opt/***/logs/dag_id=tiktok_processing/run_id=manual__2023-05-11T10:55:12.119192+00:00/task_id=file_sensor permission to 509
[2023-05-11T10:56:03.211+0000] {task_command.py:410} INFO - Running <TaskInstance: tiktok_processing.file_sensor manual__2023-05-11T10:55:12.119192+00:00 [running]> on host 49e2673af856
[2023-05-11T10:56:03.845+0000] {taskinstance.py:1570} INFO - Exporting env vars: AIRFLOW_CTX_DAG_OWNER='***' AIRFLOW_CTX_DAG_ID='tiktok_processing' AIRFLOW_CTX_TASK_ID='file_sensor' AIRFLOW_CTX_EXECUTION_DATE='2023-05-11T10:55:12.119192+00:00' AIRFLOW_CTX_TRY_NUMBER='1' AIRFLOW_CTX_DAG_RUN_ID='manual__2023-05-11T10:55:12.119192+00:00'
[2023-05-11T10:56:03.946+0000] {base.py:73} INFO - Using connection ID 'fs_default' for task execution.
[2023-05-11T10:56:03.968+0000] {filesystem.py:64} INFO - Poking for file /opt/***/data/tiktok_google_play_reviews.csv
[2023-05-11T10:56:36.109+0000] {base.py:73} INFO - Using connection ID 'fs_default' for task execution.
[2023-05-11T10:56:36.241+0000] {filesystem.py:64} INFO - Poking for file /opt/***/data/tiktok_google_play_reviews.csv
[2023-05-11T10:57:06.159+0000] {base.py:73} INFO - Using connection ID 'fs_default' for task execution.
[2023-05-11T10:57:06.161+0000] {filesystem.py:64} INFO - Poking for file /opt/***/data/tiktok_google_play_reviews.csv
[2023-05-11T10:57:07.315+0000] {filesystem.py:69} INFO - Found File /opt/***/data/tiktok_google_play_reviews.csv last modified: 20230504102257
[2023-05-11T10:57:07.316+0000] {base.py:255} INFO - Success criteria met. Exiting.
[2023-05-11T10:57:07.335+0000] {taskinstance.py:1373} INFO - Marking task as SUCCESS. dag_id=tiktok_processing, task_id=file_sensor, execution_date=20230511T105512, start_date=20230511T105602, end_date=20230511T105707
[2023-05-11T10:57:07.663+0000] {local_task_job_runner.py:232} INFO - Task exited with return code 0
[2023-05-11T10:57:07.856+0000] {taskinstance.py:2674} INFO - 0 downstream tasks scheduled from follow-on schedule check
