[2023-05-11T10:56:02.515+0000] {logging_mixin.py:149} INFO - Changing /opt/***/logs/dag_id=tiktok_processing/run_id=scheduled__2023-05-09T00:00:00+00:00/task_id=file_sensor permission to 509
[2023-05-11T10:56:02.793+0000] {logging_mixin.py:149} INFO - Changing /opt/***/logs/dag_id=tiktok_processing/run_id=scheduled__2023-05-09T00:00:00+00:00/task_id=file_sensor permission to 509
[2023-05-11T10:56:03.307+0000] {logging_mixin.py:149} WARNING - /home/***/.local/lib/python3.7/site-packages/***/utils/sqlalchemy.py:124 DeprecationWarning: The sql_alchemy_conn option in [core] has been moved to the sql_alchemy_conn option in [database] - the old setting has been used, but please update your config.
[2023-05-11T10:56:03.397+0000] {taskinstance.py:1125} INFO - Dependencies all met for dep_context=non-requeueable deps ti=<TaskInstance: tiktok_processing.file_sensor scheduled__2023-05-09T00:00:00+00:00 [queued]>
[2023-05-11T10:56:03.478+0000] {taskinstance.py:1125} INFO - Dependencies all met for dep_context=requeueable deps ti=<TaskInstance: tiktok_processing.file_sensor scheduled__2023-05-09T00:00:00+00:00 [queued]>
[2023-05-11T10:56:03.497+0000] {taskinstance.py:1331} INFO - Starting attempt 1 of 1
[2023-05-11T10:56:03.720+0000] {taskinstance.py:1350} INFO - Executing <Task(FileSensor): file_sensor> on 2023-05-09 00:00:00+00:00
[2023-05-11T10:56:03.784+0000] {standard_task_runner.py:57} INFO - Started process 1064 to run task
[2023-05-11T10:56:03.815+0000] {standard_task_runner.py:84} INFO - Running: ['***', 'tasks', 'run', 'tiktok_processing', 'file_sensor', 'scheduled__2023-05-09T00:00:00+00:00', '--job-id', '10', '--raw', '--subdir', 'DAGS_FOLDER/task_7_1.py', '--cfg-path', '/tmp/tmppn5ovke2']
[2023-05-11T10:56:03.832+0000] {standard_task_runner.py:85} INFO - Job 10: Subtask file_sensor
[2023-05-11T10:56:13.170+0000] {logging_mixin.py:149} WARNING - /home/***/.local/lib/python3.7/site-packages/***/settings.py:188 DeprecationWarning: The sql_alchemy_conn option in [core] has been moved to the sql_alchemy_conn option in [database] - the old setting has been used, but please update your config.
[2023-05-11T10:56:18.525+0000] {logging_mixin.py:149} INFO - Changing /opt/***/logs/dag_id=tiktok_processing/run_id=scheduled__2023-05-09T00:00:00+00:00/task_id=file_sensor permission to 509
[2023-05-11T10:56:18.536+0000] {task_command.py:410} INFO - Running <TaskInstance: tiktok_processing.file_sensor scheduled__2023-05-09T00:00:00+00:00 [running]> on host 49e2673af856
[2023-05-11T10:56:20.446+0000] {logging_mixin.py:149} WARNING - /home/***/.local/lib/python3.7/site-packages/***/utils/sqlalchemy.py:124 DeprecationWarning: The sql_alchemy_conn option in [core] has been moved to the sql_alchemy_conn option in [database] - the old setting has been used, but please update your config.
[2023-05-11T10:56:28.444+0000] {taskinstance.py:1570} INFO - Exporting env vars: AIRFLOW_CTX_DAG_OWNER='***' AIRFLOW_CTX_DAG_ID='tiktok_processing' AIRFLOW_CTX_TASK_ID='file_sensor' AIRFLOW_CTX_EXECUTION_DATE='2023-05-09T00:00:00+00:00' AIRFLOW_CTX_TRY_NUMBER='1' AIRFLOW_CTX_DAG_RUN_ID='scheduled__2023-05-09T00:00:00+00:00'
[2023-05-11T10:56:29.920+0000] {base.py:73} INFO - Using connection ID 'fs_default' for task execution.
[2023-05-11T10:56:30.465+0000] {filesystem.py:64} INFO - Poking for file /opt/***/data/tiktok_google_play_reviews.csv
[2023-05-11T10:57:00.365+0000] {base.py:73} INFO - Using connection ID 'fs_default' for task execution.
[2023-05-11T10:57:00.371+0000] {filesystem.py:64} INFO - Poking for file /opt/***/data/tiktok_google_play_reviews.csv
[2023-05-11T10:57:30.725+0000] {base.py:73} INFO - Using connection ID 'fs_default' for task execution.
[2023-05-11T10:57:30.727+0000] {filesystem.py:64} INFO - Poking for file /opt/***/data/tiktok_google_play_reviews.csv
[2023-05-11T10:57:30.731+0000] {filesystem.py:69} INFO - Found File /opt/***/data/tiktok_google_play_reviews.csv last modified: 20230504102257
[2023-05-11T10:57:30.731+0000] {base.py:255} INFO - Success criteria met. Exiting.
[2023-05-11T10:57:30.753+0000] {taskinstance.py:1373} INFO - Marking task as SUCCESS. dag_id=tiktok_processing, task_id=file_sensor, execution_date=20230509T000000, start_date=20230511T105603, end_date=20230511T105730
[2023-05-11T10:57:31.113+0000] {local_task_job_runner.py:232} INFO - Task exited with return code 0
[2023-05-11T10:57:31.220+0000] {taskinstance.py:2674} INFO - 1 downstream tasks scheduled from follow-on schedule check
